  main.cpp
  Scene.cpp
c:\program files (x86)\microsoft visual studio 14.0\vc\include\xmemory0(655): error C2259: 'GeometricObject': cannot instantiate abstract class
  c:\program files (x86)\microsoft visual studio 14.0\vc\include\xmemory0(655): note: due to following members:
  c:\program files (x86)\microsoft visual studio 14.0\vc\include\xmemory0(655): note: 'bool GeometricObject::checkIntersection(const Ray &,Vector3 &,float &)': is abstract
  c:\users\tiago\documents\github\ray-tracer\graphicengine\geometricobject.h(14): note: see declaration of 'GeometricObject::checkIntersection'
  c:\program files (x86)\microsoft visual studio 14.0\vc\include\xmemory0(773): note: see reference to function template instantiation 'void std::allocator<_Ty>::construct<_Objty,GeometricObject&>(_Objty *,GeometricObject &)' being compiled
          with
          [
              _Ty=GeometricObject,
              _Objty=GeometricObject
          ]
  c:\program files (x86)\microsoft visual studio 14.0\vc\include\xmemory0(773): note: see reference to function template instantiation 'void std::allocator<_Ty>::construct<_Objty,GeometricObject&>(_Objty *,GeometricObject &)' being compiled
          with
          [
              _Ty=GeometricObject,
              _Objty=GeometricObject
          ]
  c:\program files (x86)\microsoft visual studio 14.0\vc\include\xmemory0(918): note: see reference to function template instantiation 'void std::allocator_traits<_Alloc>::construct<_Ty,GeometricObject&>(std::allocator<_Ty> &,_Objty *,GeometricObject &)' being compiled
          with
          [
              _Alloc=std::allocator<GeometricObject>,
              _Ty=GeometricObject,
              _Objty=GeometricObject
          ]
  c:\program files (x86)\microsoft visual studio 14.0\vc\include\xmemory0(917): note: see reference to function template instantiation 'void std::allocator_traits<_Alloc>::construct<_Ty,GeometricObject&>(std::allocator<_Ty> &,_Objty *,GeometricObject &)' being compiled
          with
          [
              _Alloc=std::allocator<GeometricObject>,
              _Ty=GeometricObject,
              _Objty=GeometricObject
          ]
  c:\program files (x86)\microsoft visual studio 14.0\vc\include\vector(1282): note: see reference to function template instantiation 'void std::_Wrap_alloc<std::allocator<_Ty>>::construct<GeometricObject,GeometricObject&>(_Ty *,GeometricObject &)' being compiled
          with
          [
              _Ty=GeometricObject
          ]
  c:\program files (x86)\microsoft visual studio 14.0\vc\include\vector(1281): note: see reference to function template instantiation 'void std::_Wrap_alloc<std::allocator<_Ty>>::construct<GeometricObject,GeometricObject&>(_Ty *,GeometricObject &)' being compiled
          with
          [
              _Ty=GeometricObject
          ]
  c:\program files (x86)\microsoft visual studio 14.0\vc\include\vector(1274): note: while compiling class template member function 'void std::vector<GeometricObject,std::allocator<_Ty>>::push_back(const GeometricObject &)'
          with
          [
              _Ty=GeometricObject
          ]
  c:\users\tiago\documents\github\ray-tracer\graphicengine\scene.cpp(54): note: see reference to function template instantiation 'void std::vector<GeometricObject,std::allocator<_Ty>>::push_back(const GeometricObject &)' being compiled
          with
          [
              _Ty=GeometricObject
          ]
  c:\users\tiago\documents\github\ray-tracer\graphicengine\scene.h(27): note: see reference to class template instantiation 'std::vector<GeometricObject,std::allocator<_Ty>>' being compiled
          with
          [
              _Ty=GeometricObject
          ]
  Plane.cpp
  Generating Code...
c:\users\tiago\documents\github\ray-tracer\graphicengine\main.cpp(56): error C4716: 'rayTracing': must return a value
